<?xml version="1.0" encoding="UTF-8"?>
<!-- Generated by org.testng.reporters.JUnitXMLReporter -->
<testsuite ignored="0" hostname="BAKL-006" failures="0" tests="3" name="Test" time="14.422" errors="0" timestamp="2025-01-16T19:49:58 IST">
  <testcase classname="testCases.TC001_AccountRegistrationTest" name="verify_account_registration" time="2.668"/>
  <testcase classname="testCases.TC002_UserLoginTest" name="verify_user_login" time="2.148"/>
  <testcase classname="testCases.TC004_ForgotPassword" name="reset_password" time="2.531"/>
</testsuite> <!-- Test -->
