<?xml version="1.0" encoding="UTF-8"?>
<testng-results ignored="0" total="3" passed="3" failed="0" skipped="0">
  <reporter-output>
  </reporter-output>
  <suite started-at="2025-01-16T19:49:43 IST" name="Master Suite" finished-at="2025-01-16T19:49:57 IST" duration-ms="14422">
    <groups>
      <group name="Master">
        <method signature="TC001_AccountRegistrationTest.verify_account_registration()[pri:0, instance:testCases.TC001_AccountRegistrationTest@74589991]" name="verify_account_registration" class="testCases.TC001_AccountRegistrationTest"/>
        <method signature="TC002_UserLoginTest.verify_user_login()[pri:0, instance:testCases.TC002_UserLoginTest@6af9fcb2]" name="verify_user_login" class="testCases.TC002_UserLoginTest"/>
        <method signature="TC004_ForgotPassword.reset_password()[pri:0, instance:testCases.TC004_ForgotPassword@6cce16f4]" name="reset_password" class="testCases.TC004_ForgotPassword"/>
      </group> <!-- Master -->
      <group name="Sanity">
        <method signature="TC002_UserLoginTest.verify_user_login()[pri:0, instance:testCases.TC002_UserLoginTest@6af9fcb2]" name="verify_user_login" class="testCases.TC002_UserLoginTest"/>
      </group> <!-- Sanity -->
      <group name="Regression">
        <method signature="TC001_AccountRegistrationTest.verify_account_registration()[pri:0, instance:testCases.TC001_AccountRegistrationTest@74589991]" name="verify_account_registration" class="testCases.TC001_AccountRegistrationTest"/>
        <method signature="TC004_ForgotPassword.reset_password()[pri:0, instance:testCases.TC004_ForgotPassword@6cce16f4]" name="reset_password" class="testCases.TC004_ForgotPassword"/>
      </group> <!-- Regression -->
    </groups>
    <test started-at="2025-01-16T19:49:43 IST" name="Test" finished-at="2025-01-16T19:49:57 IST" duration-ms="14422">
      <class name="testCases.TC002_UserLoginTest">
        <test-method is-config="true" signature="setup(java.lang.String,java.lang.String)[pri:0, instance:testCases.TC002_UserLoginTest@6af9fcb2]" started-at="2025-01-16T19:49:48 IST" name="setup" finished-at="2025-01-16T19:49:50 IST" duration-ms="1887" status="PASS">
          <params>
            <param index="0">
              <value>
                <![CDATA[Windows]]>
              </value>
            </param>
            <param index="1">
              <value>
                <![CDATA[chrome]]>
              </value>
            </param>
          </params>
          <reporter-output>
          </reporter-output>
        </test-method> <!-- setup -->
        <test-method signature="verify_user_login()[pri:0, instance:testCases.TC002_UserLoginTest@6af9fcb2]" started-at="2025-01-16T19:49:50 IST" name="verify_user_login" finished-at="2025-01-16T19:49:52 IST" duration-ms="2148" status="PASS">
          <reporter-output>
          </reporter-output>
        </test-method> <!-- verify_user_login -->
        <test-method is-config="true" signature="teardown()[pri:0, instance:testCases.TC002_UserLoginTest@6af9fcb2]" started-at="2025-01-16T19:49:52 IST" name="teardown" finished-at="2025-01-16T19:49:53 IST" duration-ms="188" status="PASS">
          <reporter-output>
          </reporter-output>
        </test-method> <!-- teardown -->
      </class> <!-- testCases.TC002_UserLoginTest -->
      <class name="testCases.TC004_ForgotPassword">
        <test-method is-config="true" signature="setup(java.lang.String,java.lang.String)[pri:0, instance:testCases.TC004_ForgotPassword@6cce16f4]" started-at="2025-01-16T19:49:53 IST" name="setup" finished-at="2025-01-16T19:49:54 IST" duration-ms="1814" status="PASS">
          <params>
            <param index="0">
              <value>
                <![CDATA[Windows]]>
              </value>
            </param>
            <param index="1">
              <value>
                <![CDATA[chrome]]>
              </value>
            </param>
          </params>
          <reporter-output>
          </reporter-output>
        </test-method> <!-- setup -->
        <test-method signature="reset_password()[pri:0, instance:testCases.TC004_ForgotPassword@6cce16f4]" started-at="2025-01-16T19:49:54 IST" name="reset_password" finished-at="2025-01-16T19:49:57 IST" duration-ms="2531" status="PASS">
          <reporter-output>
          </reporter-output>
        </test-method> <!-- reset_password -->
        <test-method is-config="true" signature="teardown()[pri:0, instance:testCases.TC004_ForgotPassword@6cce16f4]" started-at="2025-01-16T19:49:57 IST" name="teardown" finished-at="2025-01-16T19:49:57 IST" duration-ms="207" status="PASS">
          <reporter-output>
          </reporter-output>
        </test-method> <!-- teardown -->
      </class> <!-- testCases.TC004_ForgotPassword -->
      <class name="testCases.TC001_AccountRegistrationTest">
        <test-method is-config="true" signature="setup(java.lang.String,java.lang.String)[pri:0, instance:testCases.TC001_AccountRegistrationTest@74589991]" started-at="2025-01-16T19:49:43 IST" name="setup" finished-at="2025-01-16T19:49:45 IST" duration-ms="2515" status="PASS">
          <params>
            <param index="0">
              <value>
                <![CDATA[Windows]]>
              </value>
            </param>
            <param index="1">
              <value>
                <![CDATA[chrome]]>
              </value>
            </param>
          </params>
          <reporter-output>
          </reporter-output>
        </test-method> <!-- setup -->
        <test-method signature="verify_account_registration()[pri:0, instance:testCases.TC001_AccountRegistrationTest@74589991]" started-at="2025-01-16T19:49:45 IST" name="verify_account_registration" finished-at="2025-01-16T19:49:48 IST" duration-ms="2668" status="PASS">
          <reporter-output>
          </reporter-output>
        </test-method> <!-- verify_account_registration -->
        <test-method is-config="true" signature="teardown()[pri:0, instance:testCases.TC001_AccountRegistrationTest@74589991]" started-at="2025-01-16T19:49:48 IST" name="teardown" finished-at="2025-01-16T19:49:48 IST" duration-ms="215" status="PASS">
          <reporter-output>
          </reporter-output>
        </test-method> <!-- teardown -->
      </class> <!-- testCases.TC001_AccountRegistrationTest -->
    </test> <!-- Test -->
  </suite> <!-- Master Suite -->
</testng-results>
