<?xml version="1.0" encoding="UTF-8"?>
<testng-results ignored="0" total="4" passed="4" failed="0" skipped="0">
  <reporter-output>
  </reporter-output>
  <suite started-at="2025-01-15T13:08:41 IST" name="Master Suite" finished-at="2025-01-15T13:10:56 IST" duration-ms="134229">
    <groups>
      <group name="Master">
        <method signature="TC001_AccountRegistrationTest.verify_account_registration()[pri:0, instance:testCases.TC001_AccountRegistrationTest@5dcb4f5f]" name="verify_account_registration" class="testCases.TC001_AccountRegistrationTest"/>
        <method signature="TC002_UserLoginTest.verify_user_login()[pri:0, instance:testCases.TC002_UserLoginTest@6155d082]" name="verify_user_login" class="testCases.TC002_UserLoginTest"/>
        <method signature="TC001_AccountRegistrationTest.verify_account_registration()[pri:0, instance:testCases.TC001_AccountRegistrationTest@7862f56]" name="verify_account_registration" class="testCases.TC001_AccountRegistrationTest"/>
        <method signature="TC002_UserLoginTest.verify_user_login()[pri:0, instance:testCases.TC002_UserLoginTest@3a12c404]" name="verify_user_login" class="testCases.TC002_UserLoginTest"/>
      </group> <!-- Master -->
      <group name="Sanity">
        <method signature="TC002_UserLoginTest.verify_user_login()[pri:0, instance:testCases.TC002_UserLoginTest@6155d082]" name="verify_user_login" class="testCases.TC002_UserLoginTest"/>
        <method signature="TC002_UserLoginTest.verify_user_login()[pri:0, instance:testCases.TC002_UserLoginTest@3a12c404]" name="verify_user_login" class="testCases.TC002_UserLoginTest"/>
      </group> <!-- Sanity -->
      <group name="Regression">
        <method signature="TC001_AccountRegistrationTest.verify_account_registration()[pri:0, instance:testCases.TC001_AccountRegistrationTest@5dcb4f5f]" name="verify_account_registration" class="testCases.TC001_AccountRegistrationTest"/>
        <method signature="TC001_AccountRegistrationTest.verify_account_registration()[pri:0, instance:testCases.TC001_AccountRegistrationTest@7862f56]" name="verify_account_registration" class="testCases.TC001_AccountRegistrationTest"/>
      </group> <!-- Regression -->
    </groups>
    <test started-at="2025-01-15T13:08:41 IST" name="Linux-chrome" finished-at="2025-01-15T13:08:56 IST" duration-ms="14122">
      <class name="testCases.TC002_UserLoginTest">
        <test-method is-config="true" signature="setup(java.lang.String,java.lang.String)[pri:0, instance:testCases.TC002_UserLoginTest@6155d082]" started-at="2025-01-15T13:08:50 IST" name="setup" finished-at="2025-01-15T13:08:53 IST" duration-ms="3628" status="PASS">
          <params>
            <param index="0">
              <value>
                <![CDATA[Linux]]>
              </value>
            </param>
            <param index="1">
              <value>
                <![CDATA[chrome]]>
              </value>
            </param>
          </params>
          <reporter-output>
          </reporter-output>
        </test-method> <!-- setup -->
        <test-method signature="verify_user_login()[pri:0, instance:testCases.TC002_UserLoginTest@6155d082]" started-at="2025-01-15T13:08:53 IST" name="verify_user_login" finished-at="2025-01-15T13:08:55 IST" duration-ms="1982" status="PASS">
          <reporter-output>
          </reporter-output>
        </test-method> <!-- verify_user_login -->
        <test-method is-config="true" signature="teardown()[pri:0, instance:testCases.TC002_UserLoginTest@6155d082]" started-at="2025-01-15T13:08:55 IST" name="teardown" finished-at="2025-01-15T13:08:56 IST" duration-ms="90" status="PASS">
          <reporter-output>
          </reporter-output>
        </test-method> <!-- teardown -->
      </class> <!-- testCases.TC002_UserLoginTest -->
      <class name="testCases.TC001_AccountRegistrationTest">
        <test-method is-config="true" signature="setup(java.lang.String,java.lang.String)[pri:0, instance:testCases.TC001_AccountRegistrationTest@5dcb4f5f]" started-at="2025-01-15T13:08:42 IST" name="setup" finished-at="2025-01-15T13:08:47 IST" duration-ms="5139" status="PASS">
          <params>
            <param index="0">
              <value>
                <![CDATA[Linux]]>
              </value>
            </param>
            <param index="1">
              <value>
                <![CDATA[chrome]]>
              </value>
            </param>
          </params>
          <reporter-output>
          </reporter-output>
        </test-method> <!-- setup -->
        <test-method signature="verify_account_registration()[pri:0, instance:testCases.TC001_AccountRegistrationTest@5dcb4f5f]" started-at="2025-01-15T13:08:47 IST" name="verify_account_registration" finished-at="2025-01-15T13:08:50 IST" duration-ms="2806" status="PASS">
          <reporter-output>
          </reporter-output>
        </test-method> <!-- verify_account_registration -->
        <test-method is-config="true" signature="teardown()[pri:0, instance:testCases.TC001_AccountRegistrationTest@5dcb4f5f]" started-at="2025-01-15T13:08:50 IST" name="teardown" finished-at="2025-01-15T13:08:50 IST" duration-ms="107" status="PASS">
          <reporter-output>
          </reporter-output>
        </test-method> <!-- teardown -->
      </class> <!-- testCases.TC001_AccountRegistrationTest -->
    </test> <!-- Linux-chrome -->
    <test started-at="2025-01-15T13:08:56 IST" name="Linux-firefox" finished-at="2025-01-15T13:10:56 IST" duration-ms="119179">
      <class name="testCases.TC002_UserLoginTest">
        <test-method is-config="true" signature="setup(java.lang.String,java.lang.String)[pri:0, instance:testCases.TC002_UserLoginTest@3a12c404]" started-at="2025-01-15T13:10:49 IST" name="setup" finished-at="2025-01-15T13:10:53 IST" duration-ms="4030" status="PASS">
          <params>
            <param index="0">
              <value>
                <![CDATA[Linux]]>
              </value>
            </param>
            <param index="1">
              <value>
                <![CDATA[firefox]]>
              </value>
            </param>
          </params>
          <reporter-output>
          </reporter-output>
        </test-method> <!-- setup -->
        <test-method signature="verify_user_login()[pri:0, instance:testCases.TC002_UserLoginTest@3a12c404]" started-at="2025-01-15T13:10:53 IST" name="verify_user_login" finished-at="2025-01-15T13:10:54 IST" duration-ms="1432" status="PASS">
          <reporter-output>
          </reporter-output>
        </test-method> <!-- verify_user_login -->
        <test-method is-config="true" signature="teardown()[pri:0, instance:testCases.TC002_UserLoginTest@3a12c404]" started-at="2025-01-15T13:10:54 IST" name="teardown" finished-at="2025-01-15T13:10:56 IST" duration-ms="1168" status="PASS">
          <reporter-output>
          </reporter-output>
        </test-method> <!-- teardown -->
      </class> <!-- testCases.TC002_UserLoginTest -->
      <class name="testCases.TC001_AccountRegistrationTest">
        <test-method is-config="true" signature="setup(java.lang.String,java.lang.String)[pri:0, instance:testCases.TC001_AccountRegistrationTest@7862f56]" started-at="2025-01-15T13:08:56 IST" name="setup" finished-at="2025-01-15T13:10:46 IST" duration-ms="109558" status="PASS">
          <params>
            <param index="0">
              <value>
                <![CDATA[Linux]]>
              </value>
            </param>
            <param index="1">
              <value>
                <![CDATA[firefox]]>
              </value>
            </param>
          </params>
          <reporter-output>
          </reporter-output>
        </test-method> <!-- setup -->
        <test-method signature="verify_account_registration()[pri:0, instance:testCases.TC001_AccountRegistrationTest@7862f56]" started-at="2025-01-15T13:10:46 IST" name="verify_account_registration" finished-at="2025-01-15T13:10:48 IST" duration-ms="2050" status="PASS">
          <reporter-output>
          </reporter-output>
        </test-method> <!-- verify_account_registration -->
        <test-method is-config="true" signature="teardown()[pri:0, instance:testCases.TC001_AccountRegistrationTest@7862f56]" started-at="2025-01-15T13:10:48 IST" name="teardown" finished-at="2025-01-15T13:10:49 IST" duration-ms="933" status="PASS">
          <reporter-output>
          </reporter-output>
        </test-method> <!-- teardown -->
      </class> <!-- testCases.TC001_AccountRegistrationTest -->
    </test> <!-- Linux-firefox -->
  </suite> <!-- Master Suite -->
</testng-results>
